Building DAG of jobs...
Using shell: /bin/bash
Provided cores: 4
Rules claiming more threads will be scaled down.
Job stats:
job        count
-------  -------
all            1
run_art        1
run_tis        1
total          3

Select jobs to execute...

[Tue May 13 21:38:40 2025]
rule run_tis:
    output: /Users/puravgupta/Documents/Research/Pancreas_TLS_ML/2025-HistoPath-TLS-Purav/art_out/tissue_segmentation.done
    jobid: 2
    reason: Missing output files: /Users/puravgupta/Documents/Research/Pancreas_TLS_ML/2025-HistoPath-TLS-Purav/art_out/tissue_segmentation.done
    resources: tmpdir=/var/folders/_3/5xh3_zfd4y1dlg5syjm8rkw00000gn/T

Touching output file /Users/puravgupta/Documents/Research/Pancreas_TLS_ML/2025-HistoPath-TLS-Purav/art_out/tissue_segmentation.done.
[Tue May 13 21:38:50 2025]
Finished job 2.
1 of 3 steps (33%) done
Select jobs to execute...

[Tue May 13 21:38:50 2025]
rule run_art:
    input: /Users/puravgupta/Documents/Research/Pancreas_TLS_ML/2025-HistoPath-TLS-Purav/art_out/tissue_segmentation.done
    output: /Users/puravgupta/Documents/Research/Pancreas_TLS_ML/2025-HistoPath-TLS-Purav/art_out/artifact_segmentation.done
    jobid: 1
    reason: Missing output files: /Users/puravgupta/Documents/Research/Pancreas_TLS_ML/2025-HistoPath-TLS-Purav/art_out/artifact_segmentation.done; Input files updated by another job: /Users/puravgupta/Documents/Research/Pancreas_TLS_ML/2025-HistoPath-TLS-Purav/art_out/tissue_segmentation.done
    resources: tmpdir=/var/folders/_3/5xh3_zfd4y1dlg5syjm8rkw00000gn/T

Terminating processes on user request, this might take some time.
[Tue May 13 21:46:29 2025]
Error in rule run_art:
    jobid: 1
    input: /Users/puravgupta/Documents/Research/Pancreas_TLS_ML/2025-HistoPath-TLS-Purav/art_out/tissue_segmentation.done
    output: /Users/puravgupta/Documents/Research/Pancreas_TLS_ML/2025-HistoPath-TLS-Purav/art_out/artifact_segmentation.done
    shell:
        
        cd /Users/puravgupta/Documents/Research/Pancreas_TLS_ML/grandqc/01_WSI_inference_OPENSLIDE_QC &&         python main.py --slide_folder /Users/puravgupta/Documents/Research/Pancreas_TLS_ML/WSI/ --output_dir /Users/puravgupta/Documents/Research/Pancreas_TLS_ML/2025-HistoPath-TLS-Purav/art_out/ --create_geojson "Y" --mpp_model "1.5"
        
        (one of the commands exited with non-zero exit code; note that snakemake uses bash strict mode!)

