Building DAG of jobs...
Using shell: /bin/bash
Provided cores: 4
Rules claiming more threads will be scaled down.
Job stats:
job        count
-------  -------
all            1
run_art        1
run_tis        1
total          3

Select jobs to execute...

[Tue May 13 11:16:15 2025]
rule run_tis:
    output: art_out/tissue_segmentation.done
    jobid: 2
    reason: Missing output files: art_out/tissue_segmentation.done
    resources: tmpdir=/var/folders/_3/5xh3_zfd4y1dlg5syjm8rkw00000gn/T

Touching output file art_out/tissue_segmentation.done.
[Tue May 13 11:16:25 2025]
Finished job 2.
1 of 3 steps (33%) done
Select jobs to execute...

[Tue May 13 11:16:25 2025]
rule run_art:
    input: art_out/tissue_segmentation.done
    output: art_out/artifact_segmentation.done
    jobid: 1
    reason: Missing output files: art_out/artifact_segmentation.done; Input files updated by another job: art_out/tissue_segmentation.done
    resources: tmpdir=/var/folders/_3/5xh3_zfd4y1dlg5syjm8rkw00000gn/T

Touching output file art_out/artifact_segmentation.done.
[Tue May 13 11:29:36 2025]
Finished job 1.
2 of 3 steps (67%) done
Select jobs to execute...

[Tue May 13 11:29:36 2025]
localrule all:
    input: art_out/artifact_segmentation.done
    jobid: 0
    reason: Input files updated by another job: art_out/artifact_segmentation.done
    resources: tmpdir=/var/folders/_3/5xh3_zfd4y1dlg5syjm8rkw00000gn/T

[Tue May 13 11:29:36 2025]
Finished job 0.
3 of 3 steps (100%) done
Complete log: .snakemake/log/2025-05-13T111614.692943.snakemake.log
